;  LST file generated by mikroListExporter - v.2.0 
; Date/Time: 8/13/2025 9:58:37 PM
;----------------------------------------------

;Address Opcode 	ASM
0x0000	0x2A63      	GOTO       611
_interrupt:
0x0004	0x00FF      	MOVWF      R15
0x0005	0x0E03      	SWAPF      STATUS, 0
0x0006	0x0183      	CLRF       STATUS
0x0007	0x00B4      	MOVWF      ___saveSTATUS
0x0008	0x080A      	MOVF       PCLATH, 0
0x0009	0x00B5      	MOVWF      ___savePCLATH
0x000A	0x018A      	CLRF       PCLATH
0x000B	0x0870      	MOVF       R0, 0
0x000C	0x00A5      	MOVWF      37
0x000D	0x0871      	MOVF       R1, 0
0x000E	0x00A4      	MOVWF      36
0x000F	0x0874      	MOVF       R4, 0
0x0010	0x00A3      	MOVWF      35
0x0011	0x0878      	MOVF       R8, 0
0x0012	0x00A2      	MOVWF      34
0x0013	0x087C      	MOVF       R12, 0
0x0014	0x00A1      	MOVWF      33
0x0015	0x087D      	MOVF       R13, 0
0x0016	0x00A0      	MOVWF      32
0x0017	0x0804      	MOVF       FSR, 0
0x0018	0x00A6      	MOVWF      38
;traffic lightss.c,58 :: 		void interrupt() {
;traffic lightss.c,59 :: 		if (intf_bit == 1) {
0x0019	0x1C8B      	BTFSS      INTF_bit, BitPos(INTF_bit+0)
0x001A	0x2824      	GOTO       L_interrupt12
;traffic lightss.c,60 :: 		intf_bit = 0;
0x001B	0x108B      	BCF        INTF_bit, BitPos(INTF_bit+0)
;traffic lightss.c,61 :: 		portc=0;
0x001C	0x0187      	CLRF       PORTC
;traffic lightss.c,62 :: 		temp_portd = portd;
0x001D	0x0808      	MOVF       PORTD, 0
0x001E	0x00A7      	MOVWF      _temp_portd
;traffic lightss.c,63 :: 		ledR1=1;
0x001F	0x1408      	BSF        PORTD, 0
;traffic lightss.c,64 :: 		ledG2=1;
0x0020	0x1688      	BSF        PORTD, 5
;traffic lightss.c,66 :: 		manual_mode();
0x0021	0x21E6      	CALL       _manual_mode
;traffic lightss.c,67 :: 		portd = temp_portd;
0x0022	0x0827      	MOVF       _temp_portd, 0
0x0023	0x0088      	MOVWF      PORTD
;traffic lightss.c,68 :: 		}
L_interrupt12:
;traffic lightss.c,69 :: 		}
L_end_interrupt:
L__interrupt44:
0x0024	0x0825      	MOVF       37, 0
0x0025	0x00F0      	MOVWF      R0
0x0026	0x0824      	MOVF       36, 0
0x0027	0x00F1      	MOVWF      R1
0x0028	0x0823      	MOVF       35, 0
0x0029	0x00F4      	MOVWF      R4
0x002A	0x0822      	MOVF       34, 0
0x002B	0x00F8      	MOVWF      R8
0x002C	0x0821      	MOVF       33, 0
0x002D	0x00FC      	MOVWF      R12
0x002E	0x0820      	MOVF       32, 0
0x002F	0x00FD      	MOVWF      R13
0x0030	0x0826      	MOVF       38, 0
0x0031	0x0084      	MOVWF      FSR
0x0032	0x0835      	MOVF       ___savePCLATH, 0
0x0033	0x008A      	MOVWF      PCLATH
0x0034	0x0E34      	SWAPF      ___saveSTATUS, 0
0x0035	0x0083      	MOVWF      STATUS
0x0036	0x0EFF      	SWAPF      R15, 1
0x0037	0x0E7F      	SWAPF      R15, 0
0x0038	0x0009      	RETFIE
; end of _interrupt
_Div_16x16_S_L:
;__Lib_Math.c,420 :: 		
;__Lib_Math.c,426 :: 		
0x0039	0x0D71      	RLF        R1, 0
;__Lib_Math.c,427 :: 		
0x003A	0x0DF8      	RLF        R8, 1
;__Lib_Math.c,428 :: 		
0x003B	0x0DF9      	RLF        R9, 1
;__Lib_Math.c,429 :: 		
0x003C	0x0874      	MOVF       R4, 0
;__Lib_Math.c,430 :: 		
0x003D	0x02F8      	SUBWF      R8, 1
;__Lib_Math.c,431 :: 		
0x003E	0x0875      	MOVF       R5, 0
;__Lib_Math.c,432 :: 		
0x003F	0x1C03      	BTFSS      STATUS, 0
;__Lib_Math.c,433 :: 		
0x0040	0x0F75      	INCFSZ     R5, 0
;__Lib_Math.c,434 :: 		
0x0041	0x02F9      	SUBWF      R9, 1
;__Lib_Math.c,435 :: 		
0x0042	0x0DF0      	RLF        R0, 1
;__Lib_Math.c,436 :: 		
0x0043	0x0DF1      	RLF        R1, 1
;__Lib_Math.c,438 :: 		
0x0044	0x300F      	MOVLW      15
;__Lib_Math.c,439 :: 		
0x0045	0x00FC      	MOVWF      R12
;__Lib_Math.c,441 :: 		
0x0046	0x0D71      	RLF        R1, 0
;__Lib_Math.c,442 :: 		
0x0047	0x0DF8      	RLF        R8, 1
;__Lib_Math.c,443 :: 		
0x0048	0x0DF9      	RLF        R9, 1
;__Lib_Math.c,444 :: 		
0x0049	0x0874      	MOVF       R4, 0
;__Lib_Math.c,446 :: 		
0x004A	0x1C70      	BTFSS      R0, 0
;__Lib_Math.c,447 :: 		
0x004B	0x2852      	GOTO       $+7
;__Lib_Math.c,448 :: 		
0x004C	0x02F8      	SUBWF      R8, 1
;__Lib_Math.c,449 :: 		
0x004D	0x0875      	MOVF       R5, 0
;__Lib_Math.c,450 :: 		
0x004E	0x1C03      	BTFSS      STATUS, 0
;__Lib_Math.c,451 :: 		
0x004F	0x0F75      	INCFSZ     R5, 0
;__Lib_Math.c,452 :: 		
0x0050	0x02F9      	SUBWF      R9, 1
;__Lib_Math.c,453 :: 		
0x0051	0x2857      	GOTO       $+6
;__Lib_Math.c,455 :: 		
0x0052	0x07F8      	ADDWF      R8, 1
;__Lib_Math.c,456 :: 		
0x0053	0x0875      	MOVF       R5, 0
;__Lib_Math.c,457 :: 		
0x0054	0x1803      	BTFSC      STATUS, 0
;__Lib_Math.c,458 :: 		
0x0055	0x0F75      	INCFSZ     R5, 0
;__Lib_Math.c,459 :: 		
0x0056	0x07F9      	ADDWF      R9, 1
;__Lib_Math.c,461 :: 		
0x0057	0x0DF0      	RLF        R0, 1
;__Lib_Math.c,462 :: 		
0x0058	0x0DF1      	RLF        R1, 1
;__Lib_Math.c,464 :: 		
0x0059	0x0BFC      	DECFSZ     R12, 1
;__Lib_Math.c,465 :: 		
0x005A	0x2846      	GOTO       $-20
;__Lib_Math.c,467 :: 		
0x005B	0x1870      	BTFSC      R0, 0
;__Lib_Math.c,468 :: 		
0x005C	0x2863      	GOTO       $+7
;__Lib_Math.c,469 :: 		
0x005D	0x0874      	MOVF       R4, 0
;__Lib_Math.c,470 :: 		
0x005E	0x07F8      	ADDWF      R8, 1
;__Lib_Math.c,471 :: 		
0x005F	0x0875      	MOVF       R5, 0
;__Lib_Math.c,472 :: 		
0x0060	0x1803      	BTFSC      STATUS, 0
;__Lib_Math.c,473 :: 		
0x0061	0x0F75      	INCFSZ     R5, 0
;__Lib_Math.c,474 :: 		
0x0062	0x07F9      	ADDWF      R9, 1
;__Lib_Math.c,475 :: 		
0x0063	0x0000      	NOP
;__Lib_Math.c,477 :: 		
L_end_Div_16x16_S_L:
0x0064	0x0008      	RETURN
; end of _Div_16x16_S_L
_____DoICP:
;__Lib_System.c,6 :: 		
;__Lib_System.c,9 :: 		
0x0065	0x1283      	BCF        STATUS, 5
0x0066	0x1303      	BCF        STATUS, 6
0x0067	0x0833      	MOVF       ___DoICPAddr+1, 0
0x0068	0x008A      	MOVWF      PCLATH
;__Lib_System.c,10 :: 		
0x0069	0x0832      	MOVF       ___DoICPAddr, 0
0x006A	0x0082      	MOVWF      PCL
;__Lib_System.c,12 :: 		
L_end_____DoICP:
0x006B	0x0008      	RETURN
; end of _____DoICP
_Div_16x16_S:
;__Lib_Math.c,479 :: 		
;__Lib_Math.c,487 :: 		
0x006C	0x1283      	BCF        STATUS, 5
0x006D	0x1303      	BCF        STATUS, 6
0x006E	0x0874      	MOVF       R4, 0
0x006F	0x3A00      	XORLW      0
0x0070	0x1D03      	BTFSS      STATUS, 2
0x0071	0x287B      	GOTO       L_Div_16x16_S0
;__Lib_Math.c,488 :: 		
0x0072	0x0875      	MOVF       R5, 0
0x0073	0x3A00      	XORLW      0
0x0074	0x1D03      	BTFSS      STATUS, 2
0x0075	0x287B      	GOTO       L_Div_16x16_S1
;__Lib_Math.c,489 :: 		
0x0076	0x30FF      	MOVLW      255
0x0077	0x00F0      	MOVWF      R0
;__Lib_Math.c,490 :: 		
0x0078	0x307F      	MOVLW      127
0x0079	0x00F1      	MOVWF      R1
;__Lib_Math.c,491 :: 		
0x007A	0x28D4      	GOTO       L_end_Div_16x16_S
;__Lib_Math.c,492 :: 		
L_Div_16x16_S1:
L_Div_16x16_S0:
;__Lib_Math.c,495 :: 		
0x007B	0x1283      	BCF        STATUS, 5
;__Lib_Math.c,496 :: 		
0x007C	0x1303      	BCF        STATUS, 6
;__Lib_Math.c,497 :: 		
0x007D	0x01FD      	CLRF       R13
;__Lib_Math.c,498 :: 		
0x007E	0x01F9      	CLRF       R9
;__Lib_Math.c,499 :: 		
0x007F	0x01F8      	CLRF       R8
;__Lib_Math.c,500 :: 		
0x0080	0x0871      	MOVF       R1, 0
;__Lib_Math.c,501 :: 		
0x0081	0x0470      	IORWF      R0, 0
;__Lib_Math.c,502 :: 		
0x0082	0x1903      	BTFSC      STATUS, 2
;__Lib_Math.c,503 :: 		
0x0083	0x3400      	RETLW      0
;__Lib_Math.c,505 :: 		
0x0084	0x0871      	MOVF       R1, 0
;__Lib_Math.c,506 :: 		
0x0085	0x0675      	XORWF      R5, 0
;__Lib_Math.c,507 :: 		
0x0086	0x00FA      	MOVWF      R10
;__Lib_Math.c,508 :: 		
0x0087	0x1BFA      	BTFSC      R10, 7
;__Lib_Math.c,509 :: 		
0x0088	0x09FD      	COMF       R13, 1
;__Lib_Math.c,511 :: 		
0x0089	0x01FB      	CLRF       R11
;__Lib_Math.c,513 :: 		
0x008A	0x1FF5      	BTFSS      R5, 7
;__Lib_Math.c,514 :: 		
0x008B	0x2891      	GOTO       $+6
;__Lib_Math.c,516 :: 		
0x008C	0x09F4      	COMF       R4, 1
;__Lib_Math.c,517 :: 		
0x008D	0x09F5      	COMF       R5, 1
;__Lib_Math.c,518 :: 		
0x008E	0x0AF4      	INCF       R4, 1
;__Lib_Math.c,519 :: 		
0x008F	0x1903      	BTFSC      STATUS, 2
;__Lib_Math.c,520 :: 		
0x0090	0x0AF5      	INCF       R5, 1
;__Lib_Math.c,522 :: 		
0x0091	0x1FF1      	BTFSS      R1, 7
;__Lib_Math.c,523 :: 		
0x0092	0x2898      	GOTO       $+6
;__Lib_Math.c,525 :: 		
0x0093	0x09F0      	COMF       R0, 1
;__Lib_Math.c,526 :: 		
0x0094	0x09F1      	COMF       R1, 1
;__Lib_Math.c,527 :: 		
0x0095	0x0AF0      	INCF       R0, 1
;__Lib_Math.c,528 :: 		
0x0096	0x1903      	BTFSC      STATUS, 2
;__Lib_Math.c,529 :: 		
0x0097	0x0AF1      	INCF       R1, 1
;__Lib_Math.c,531 :: 		
0x0098	0x0871      	MOVF       R1, 0
;__Lib_Math.c,532 :: 		
0x0099	0x0475      	IORWF      R5, 0
;__Lib_Math.c,533 :: 		
0x009A	0x00FA      	MOVWF      R10
;__Lib_Math.c,534 :: 		
0x009B	0x1BFA      	BTFSC      R10, 7
;__Lib_Math.c,535 :: 		
0x009C	0x28AD      	GOTO       $+17
;__Lib_Math.c,537 :: 		
0x009D	0x2039      	CALL       _Div_16x16_S_L
;__Lib_Math.c,539 :: 		
0x009E	0x187B      	BTFSC      R11, 0
;__Lib_Math.c,540 :: 		
0x009F	0x28C0      	GOTO       $+33
;__Lib_Math.c,542 :: 		
0x00A0	0x1FFD      	BTFSS      R13, 7
;__Lib_Math.c,543 :: 		
0x00A1	0x3400      	RETLW      0
;__Lib_Math.c,545 :: 		
0x00A2	0x09F0      	COMF       R0, 1
;__Lib_Math.c,546 :: 		
0x00A3	0x09F1      	COMF       R1, 1
;__Lib_Math.c,547 :: 		
0x00A4	0x0AF0      	INCF       R0, 1
;__Lib_Math.c,548 :: 		
0x00A5	0x1903      	BTFSC      STATUS, 2
;__Lib_Math.c,549 :: 		
0x00A6	0x0AF1      	INCF       R1, 1
;__Lib_Math.c,551 :: 		
0x00A7	0x09F8      	COMF       R8, 1
;__Lib_Math.c,552 :: 		
0x00A8	0x09F9      	COMF       R9, 1
;__Lib_Math.c,553 :: 		
0x00A9	0x0AF8      	INCF       R8, 1
;__Lib_Math.c,554 :: 		
0x00AA	0x1903      	BTFSC      STATUS, 2
;__Lib_Math.c,555 :: 		
0x00AB	0x0AF9      	INCF       R9, 1
;__Lib_Math.c,557 :: 		
0x00AC	0x3400      	RETLW      0
;__Lib_Math.c,559 :: 		
0x00AD	0x1FF5      	BTFSS      R5, 7
;__Lib_Math.c,560 :: 		
0x00AE	0x28BC      	GOTO       $+14
;__Lib_Math.c,561 :: 		
0x00AF	0x1BF1      	BTFSC      R1, 7
;__Lib_Math.c,562 :: 		
0x00B0	0x28B8      	GOTO       $+8
;__Lib_Math.c,563 :: 		
0x00B1	0x0871      	MOVF       R1, 0
;__Lib_Math.c,564 :: 		
0x00B2	0x00F9      	MOVWF      R9
;__Lib_Math.c,565 :: 		
0x00B3	0x0870      	MOVF       R0, 0
;__Lib_Math.c,566 :: 		
0x00B4	0x00F8      	MOVWF      R8
;__Lib_Math.c,567 :: 		
0x00B5	0x01F1      	CLRF       R1
;__Lib_Math.c,568 :: 		
0x00B6	0x01F0      	CLRF       R0
;__Lib_Math.c,569 :: 		
0x00B7	0x28A0      	GOTO       $-23
;__Lib_Math.c,570 :: 		
0x00B8	0x01F1      	CLRF       R1
;__Lib_Math.c,571 :: 		
0x00B9	0x01F0      	CLRF       R0
;__Lib_Math.c,572 :: 		
0x00BA	0x0AF0      	INCF       R0, 1
;__Lib_Math.c,573 :: 		
0x00BB	0x3400      	RETLW      0
;__Lib_Math.c,575 :: 		
0x00BC	0x09F1      	COMF       R1, 1
;__Lib_Math.c,576 :: 		
0x00BD	0x09F0      	COMF       R0, 1
;__Lib_Math.c,577 :: 		
0x00BE	0x0AFB      	INCF       R11, 1
;__Lib_Math.c,578 :: 		
0x00BF	0x289D      	GOTO       $-34
;__Lib_Math.c,580 :: 		
0x00C0	0x0AF8      	INCF       R8, 1
;__Lib_Math.c,581 :: 		
0x00C1	0x1903      	BTFSC      STATUS, 2
;__Lib_Math.c,582 :: 		
0x00C2	0x0AF9      	INCF       R9, 1
;__Lib_Math.c,583 :: 		
0x00C3	0x0874      	MOVF       R4, 0
;__Lib_Math.c,584 :: 		
0x00C4	0x0278      	SUBWF      R8, 0
;__Lib_Math.c,585 :: 		
0x00C5	0x1D03      	BTFSS      STATUS, 2
;__Lib_Math.c,586 :: 		
0x00C6	0x28A0      	GOTO       $-38
;__Lib_Math.c,587 :: 		
0x00C7	0x0875      	MOVF       R5, 0
;__Lib_Math.c,588 :: 		
0x00C8	0x0279      	SUBWF      R9, 0
;__Lib_Math.c,589 :: 		
0x00C9	0x1D03      	BTFSS      STATUS, 2
;__Lib_Math.c,590 :: 		
0x00CA	0x28A0      	GOTO       $-42
;__Lib_Math.c,591 :: 		
0x00CB	0x01F9      	CLRF       R9
;__Lib_Math.c,592 :: 		
0x00CC	0x01F8      	CLRF       R8
;__Lib_Math.c,593 :: 		
0x00CD	0x0AF0      	INCF       R0, 1
;__Lib_Math.c,594 :: 		
0x00CE	0x1903      	BTFSC      STATUS, 2
;__Lib_Math.c,595 :: 		
0x00CF	0x0AF1      	INCF       R1, 1
;__Lib_Math.c,596 :: 		
0x00D0	0x1FF1      	BTFSS      R1, 7
;__Lib_Math.c,597 :: 		
0x00D1	0x28A0      	GOTO       $-49
;__Lib_Math.c,598 :: 		
0x00D2	0x0000      	NOP
;__Lib_Math.c,599 :: 		
0x00D3	0x34FF      	RETLW      255
;__Lib_Math.c,601 :: 		
L_end_Div_16x16_S:
0x00D4	0x0008      	RETURN
; end of _Div_16x16_S
_Div_8X8_U:
;__Lib_Math.c,189 :: 		
;__Lib_Math.c,196 :: 		
0x00D5	0x1283      	BCF        STATUS, 5
;__Lib_Math.c,197 :: 		
0x00D6	0x1303      	BCF        STATUS, 6
;__Lib_Math.c,198 :: 		
0x00D7	0x01F8      	CLRF       R8
;__Lib_Math.c,199 :: 		
0x00D8	0x3008      	MOVLW      8
;__Lib_Math.c,200 :: 		
0x00D9	0x00FC      	MOVWF      R12
;__Lib_Math.c,201 :: 		
0x00DA	0x0D70      	RLF        R0, 0
;__Lib_Math.c,202 :: 		
0x00DB	0x0DF8      	RLF        R8, 1
;__Lib_Math.c,203 :: 		
0x00DC	0x0874      	MOVF       R4, 0
;__Lib_Math.c,204 :: 		
0x00DD	0x02F8      	SUBWF      R8, 1
;__Lib_Math.c,205 :: 		
0x00DE	0x1803      	BTFSC      STATUS, 0
;__Lib_Math.c,206 :: 		
0x00DF	0x28E2      	GOTO       $+3
;__Lib_Math.c,207 :: 		
0x00E0	0x07F8      	ADDWF      R8, 1
;__Lib_Math.c,208 :: 		
0x00E1	0x1003      	BCF        STATUS, 0
;__Lib_Math.c,209 :: 		
0x00E2	0x0DF0      	RLF        R0, 1
;__Lib_Math.c,210 :: 		
0x00E3	0x0BFC      	DECFSZ     R12, 1
;__Lib_Math.c,211 :: 		
0x00E4	0x28DA      	GOTO       $-10
;__Lib_Math.c,213 :: 		
L_end_Div_8X8_U:
0x00E5	0x0008      	RETURN
; end of _Div_8X8_U
_automatic_mode:
;traffic lightss.c,72 :: 		void automatic_mode() {
;traffic lightss.c,73 :: 		if(portb.b0 == 1) {
0x00E6	0x1283      	BCF        STATUS, 5
0x00E7	0x1303      	BCF        STATUS, 6
0x00E8	0x1C06      	BTFSS      PORTB, 0
0x00E9	0x29E5      	GOTO       L_automatic_mode13
;traffic lightss.c,74 :: 		rr=20;
0x00EA	0x3014      	MOVLW      20
0x00EB	0x00AF      	MOVWF      _rr
;traffic lightss.c,75 :: 		ledR1 = 1;
0x00EC	0x1408      	BSF        PORTD, 0
;traffic lightss.c,76 :: 		ledG2 = 1;
0x00ED	0x1688      	BSF        PORTD, 5
;traffic lightss.c,77 :: 		for (ii=0; ii < 23; ii++) {
0x00EE	0x01B0      	CLRF       _ii
L_automatic_mode14:
0x00EF	0x3017      	MOVLW      23
0x00F0	0x0230      	SUBWF      _ii, 0
0x00F1	0x1803      	BTFSC      STATUS, 0
0x00F2	0x2965      	GOTO       L_automatic_mode15
;traffic lightss.c,78 :: 		ll = 23 - ii;
0x00F3	0x0830      	MOVF       _ii, 0
0x00F4	0x3C17      	SUBLW      23
0x00F5	0x00F1      	MOVWF      R1
0x00F6	0x0871      	MOVF       R1, 0
0x00F7	0x00B1      	MOVWF      _ll
;traffic lightss.c,80 :: 		if (ll == 3) {
0x00F8	0x0871      	MOVF       R1, 0
0x00F9	0x3A03      	XORLW      3
0x00FA	0x1D03      	BTFSS      STATUS, 2
0x00FB	0x2900      	GOTO       L_automatic_mode17
;traffic lightss.c,81 :: 		rr = 3;
0x00FC	0x3003      	MOVLW      3
0x00FD	0x00AF      	MOVWF      _rr
;traffic lightss.c,82 :: 		ledY2 = 1;
0x00FE	0x1608      	BSF        PORTD, 4
;traffic lightss.c,83 :: 		ledG2 = 0;
0x00FF	0x1288      	BCF        PORTD, 5
;traffic lightss.c,84 :: 		}
L_automatic_mode17:
;traffic lightss.c,86 :: 		for (delay_count = 0; delay_count <= 50; delay_count++) {
0x0100	0x01AE      	CLRF       _delay_count
L_automatic_mode18:
0x0101	0x082E      	MOVF       _delay_count, 0
0x0102	0x3C32      	SUBLW      50
0x0103	0x1C03      	BTFSS      STATUS, 0
0x0104	0x295D      	GOTO       L_automatic_mode19
;traffic lightss.c,87 :: 		portb.b2 = 0;
0x0105	0x1106      	BCF        PORTB, 2
;traffic lightss.c,88 :: 		portb.b3 = 1;
0x0106	0x1586      	BSF        PORTB, 3
;traffic lightss.c,89 :: 		portb.b4 = 0;
0x0107	0x1206      	BCF        PORTB, 4
;traffic lightss.c,90 :: 		portb.b5 = 1;
0x0108	0x1686      	BSF        PORTB, 5
;traffic lightss.c,92 :: 		portc = ((rr / 10) << 4) | ((ll / 10) & 0x0F);
0x0109	0x300A      	MOVLW      10
0x010A	0x00F4      	MOVWF      R4
0x010B	0x082F      	MOVF       _rr, 0
0x010C	0x00F0      	MOVWF      R0
0x010D	0x20D5      	CALL       _Div_8X8_U
0x010E	0x0870      	MOVF       R0, 0
0x010F	0x00B6      	MOVWF      FLOC__automatic_mode
0x0110	0x0DB6      	RLF        FLOC__automatic_mode, 1
0x0111	0x1036      	BCF        FLOC__automatic_mode, 0
0x0112	0x0DB6      	RLF        FLOC__automatic_mode, 1
0x0113	0x1036      	BCF        FLOC__automatic_mode, 0
0x0114	0x0DB6      	RLF        FLOC__automatic_mode, 1
0x0115	0x1036      	BCF        FLOC__automatic_mode, 0
0x0116	0x0DB6      	RLF        FLOC__automatic_mode, 1
0x0117	0x1036      	BCF        FLOC__automatic_mode, 0
0x0118	0x300A      	MOVLW      10
0x0119	0x00F4      	MOVWF      R4
0x011A	0x0831      	MOVF       _ll, 0
0x011B	0x00F0      	MOVWF      R0
0x011C	0x20D5      	CALL       _Div_8X8_U
0x011D	0x300F      	MOVLW      15
0x011E	0x05F0      	ANDWF      R0, 1
0x011F	0x0870      	MOVF       R0, 0
0x0120	0x0436      	IORWF      FLOC__automatic_mode, 0
0x0121	0x0087      	MOVWF      PORTC
;traffic lightss.c,93 :: 		delay_ms(5);
0x0122	0x300D      	MOVLW      13
0x0123	0x00FC      	MOVWF      R12
0x0124	0x30FB      	MOVLW      251
0x0125	0x00FD      	MOVWF      R13
L_automatic_mode21:
0x0126	0x0BFD      	DECFSZ     R13, 1
0x0127	0x2926      	GOTO       L_automatic_mode21
0x0128	0x0BFC      	DECFSZ     R12, 1
0x0129	0x2926      	GOTO       L_automatic_mode21
0x012A	0x0000      	NOP
0x012B	0x0000      	NOP
;traffic lightss.c,96 :: 		portb.b2 = 1;
0x012C	0x1506      	BSF        PORTB, 2
;traffic lightss.c,97 :: 		portb.b3 = 0;
0x012D	0x1186      	BCF        PORTB, 3
;traffic lightss.c,98 :: 		portb.b4 = 1;
0x012E	0x1606      	BSF        PORTB, 4
;traffic lightss.c,99 :: 		portb.b5 = 0;
0x012F	0x1286      	BCF        PORTB, 5
;traffic lightss.c,101 :: 		portc = ((rr % 10) << 4) | ((ll % 10) & 0x0F);
0x0130	0x300A      	MOVLW      10
0x0131	0x00F4      	MOVWF      R4
0x0132	0x082F      	MOVF       _rr, 0
0x0133	0x00F0      	MOVWF      R0
0x0134	0x20D5      	CALL       _Div_8X8_U
0x0135	0x0878      	MOVF       R8, 0
0x0136	0x00F0      	MOVWF      R0
0x0137	0x0870      	MOVF       R0, 0
0x0138	0x00B6      	MOVWF      FLOC__automatic_mode
0x0139	0x0DB6      	RLF        FLOC__automatic_mode, 1
0x013A	0x1036      	BCF        FLOC__automatic_mode, 0
0x013B	0x0DB6      	RLF        FLOC__automatic_mode, 1
0x013C	0x1036      	BCF        FLOC__automatic_mode, 0
0x013D	0x0DB6      	RLF        FLOC__automatic_mode, 1
0x013E	0x1036      	BCF        FLOC__automatic_mode, 0
0x013F	0x0DB6      	RLF        FLOC__automatic_mode, 1
0x0140	0x1036      	BCF        FLOC__automatic_mode, 0
0x0141	0x300A      	MOVLW      10
0x0142	0x00F4      	MOVWF      R4
0x0143	0x0831      	MOVF       _ll, 0
0x0144	0x00F0      	MOVWF      R0
0x0145	0x20D5      	CALL       _Div_8X8_U
0x0146	0x0878      	MOVF       R8, 0
0x0147	0x00F0      	MOVWF      R0
0x0148	0x300F      	MOVLW      15
0x0149	0x05F0      	ANDWF      R0, 1
0x014A	0x0870      	MOVF       R0, 0
0x014B	0x0436      	IORWF      FLOC__automatic_mode, 0
0x014C	0x0087      	MOVWF      PORTC
;traffic lightss.c,102 :: 		delay_ms(10);
0x014D	0x301A      	MOVLW      26
0x014E	0x00FC      	MOVWF      R12
0x014F	0x30F8      	MOVLW      248
0x0150	0x00FD      	MOVWF      R13
L_automatic_mode22:
0x0151	0x0BFD      	DECFSZ     R13, 1
0x0152	0x2951      	GOTO       L_automatic_mode22
0x0153	0x0BFC      	DECFSZ     R12, 1
0x0154	0x2951      	GOTO       L_automatic_mode22
0x0155	0x0000      	NOP
;traffic lightss.c,103 :: 		if(portb.b0 == 0){
0x0156	0x1806      	BTFSC      PORTB, 0
0x0157	0x295B      	GOTO       L_automatic_mode23
;traffic lightss.c,104 :: 		portc=0;
0x0158	0x0187      	CLRF       PORTC
;traffic lightss.c,105 :: 		portd=0;
0x0159	0x0188      	CLRF       PORTD
;traffic lightss.c,106 :: 		break;}}
0x015A	0x295D      	GOTO       L_automatic_mode19
L_automatic_mode23:
;traffic lightss.c,86 :: 		for (delay_count = 0; delay_count <= 50; delay_count++) {
0x015B	0x0AAE      	INCF       _delay_count, 1
;traffic lightss.c,106 :: 		break;}}
0x015C	0x2901      	GOTO       L_automatic_mode18
L_automatic_mode19:
;traffic lightss.c,107 :: 		rr--;
0x015D	0x03AF      	DECF       _rr, 1
;traffic lightss.c,108 :: 		if(portb.b0 == 0){  portc=0;
0x015E	0x1806      	BTFSC      PORTB, 0
0x015F	0x2963      	GOTO       L_automatic_mode24
0x0160	0x0187      	CLRF       PORTC
;traffic lightss.c,109 :: 		portd=0;
0x0161	0x0188      	CLRF       PORTD
;traffic lightss.c,110 :: 		break;}}
0x0162	0x2965      	GOTO       L_automatic_mode15
L_automatic_mode24:
;traffic lightss.c,77 :: 		for (ii=0; ii < 23; ii++) {
0x0163	0x0AB0      	INCF       _ii, 1
;traffic lightss.c,110 :: 		break;}}
0x0164	0x28EF      	GOTO       L_automatic_mode14
L_automatic_mode15:
;traffic lightss.c,111 :: 		ledY2 = 0;
0x0165	0x1208      	BCF        PORTD, 4
;traffic lightss.c,112 :: 		ledR1 = 0;
0x0166	0x1008      	BCF        PORTD, 0
;traffic lightss.c,115 :: 		rr = 12;
0x0167	0x300C      	MOVLW      12
0x0168	0x00AF      	MOVWF      _rr
;traffic lightss.c,116 :: 		ledR2 = 1;
0x0169	0x1588      	BSF        PORTD, 3
;traffic lightss.c,117 :: 		ledG1 = 1;
0x016A	0x1508      	BSF        PORTD, 2
;traffic lightss.c,118 :: 		for (ii = 0; ii < 15; ii++) {
0x016B	0x01B0      	CLRF       _ii
L_automatic_mode25:
0x016C	0x300F      	MOVLW      15
0x016D	0x0230      	SUBWF      _ii, 0
0x016E	0x1803      	BTFSC      STATUS, 0
0x016F	0x29E2      	GOTO       L_automatic_mode26
;traffic lightss.c,119 :: 		ll = 15 - ii;
0x0170	0x0830      	MOVF       _ii, 0
0x0171	0x3C0F      	SUBLW      15
0x0172	0x00F1      	MOVWF      R1
0x0173	0x0871      	MOVF       R1, 0
0x0174	0x00B1      	MOVWF      _ll
;traffic lightss.c,121 :: 		if (ll == 3) {
0x0175	0x0871      	MOVF       R1, 0
0x0176	0x3A03      	XORLW      3
0x0177	0x1D03      	BTFSS      STATUS, 2
0x0178	0x297D      	GOTO       L_automatic_mode28
;traffic lightss.c,122 :: 		rr = 3;
0x0179	0x3003      	MOVLW      3
0x017A	0x00AF      	MOVWF      _rr
;traffic lightss.c,123 :: 		ledY1 = 1;
0x017B	0x1488      	BSF        PORTD, 1
;traffic lightss.c,124 :: 		ledG1 = 0;
0x017C	0x1108      	BCF        PORTD, 2
;traffic lightss.c,125 :: 		}
L_automatic_mode28:
;traffic lightss.c,127 :: 		for (delay_count = 0; delay_count <= 50; delay_count++) {
0x017D	0x01AE      	CLRF       _delay_count
L_automatic_mode29:
0x017E	0x082E      	MOVF       _delay_count, 0
0x017F	0x3C32      	SUBLW      50
0x0180	0x1C03      	BTFSS      STATUS, 0
0x0181	0x29DA      	GOTO       L_automatic_mode30
;traffic lightss.c,128 :: 		portb.b2 = 0;
0x0182	0x1106      	BCF        PORTB, 2
;traffic lightss.c,129 :: 		portb.b3 = 1;
0x0183	0x1586      	BSF        PORTB, 3
;traffic lightss.c,130 :: 		portb.b4 = 0;
0x0184	0x1206      	BCF        PORTB, 4
;traffic lightss.c,131 :: 		portb.b5 = 1;
0x0185	0x1686      	BSF        PORTB, 5
;traffic lightss.c,133 :: 		portc = ((ll / 10) << 4) | ((rr / 10) & 0x0F);
0x0186	0x300A      	MOVLW      10
0x0187	0x00F4      	MOVWF      R4
0x0188	0x0831      	MOVF       _ll, 0
0x0189	0x00F0      	MOVWF      R0
0x018A	0x20D5      	CALL       _Div_8X8_U
0x018B	0x0870      	MOVF       R0, 0
0x018C	0x00B6      	MOVWF      FLOC__automatic_mode
0x018D	0x0DB6      	RLF        FLOC__automatic_mode, 1
0x018E	0x1036      	BCF        FLOC__automatic_mode, 0
0x018F	0x0DB6      	RLF        FLOC__automatic_mode, 1
0x0190	0x1036      	BCF        FLOC__automatic_mode, 0
0x0191	0x0DB6      	RLF        FLOC__automatic_mode, 1
0x0192	0x1036      	BCF        FLOC__automatic_mode, 0
0x0193	0x0DB6      	RLF        FLOC__automatic_mode, 1
0x0194	0x1036      	BCF        FLOC__automatic_mode, 0
0x0195	0x300A      	MOVLW      10
0x0196	0x00F4      	MOVWF      R4
0x0197	0x082F      	MOVF       _rr, 0
0x0198	0x00F0      	MOVWF      R0
0x0199	0x20D5      	CALL       _Div_8X8_U
0x019A	0x300F      	MOVLW      15
0x019B	0x05F0      	ANDWF      R0, 1
0x019C	0x0870      	MOVF       R0, 0
0x019D	0x0436      	IORWF      FLOC__automatic_mode, 0
0x019E	0x0087      	MOVWF      PORTC
;traffic lightss.c,134 :: 		delay_ms(5);
0x019F	0x300D      	MOVLW      13
0x01A0	0x00FC      	MOVWF      R12
0x01A1	0x30FB      	MOVLW      251
0x01A2	0x00FD      	MOVWF      R13
L_automatic_mode32:
0x01A3	0x0BFD      	DECFSZ     R13, 1
0x01A4	0x29A3      	GOTO       L_automatic_mode32
0x01A5	0x0BFC      	DECFSZ     R12, 1
0x01A6	0x29A3      	GOTO       L_automatic_mode32
0x01A7	0x0000      	NOP
0x01A8	0x0000      	NOP
;traffic lightss.c,136 :: 		portb.b2 = 1;
0x01A9	0x1506      	BSF        PORTB, 2
;traffic lightss.c,137 :: 		portb.b3 = 0;
0x01AA	0x1186      	BCF        PORTB, 3
;traffic lightss.c,138 :: 		portb.b4 = 1;
0x01AB	0x1606      	BSF        PORTB, 4
;traffic lightss.c,139 :: 		portb.b5 = 0;
0x01AC	0x1286      	BCF        PORTB, 5
;traffic lightss.c,141 :: 		portc = ((ll % 10) << 4) | ((rr % 10) & 0x0F);
0x01AD	0x300A      	MOVLW      10
0x01AE	0x00F4      	MOVWF      R4
0x01AF	0x0831      	MOVF       _ll, 0
0x01B0	0x00F0      	MOVWF      R0
0x01B1	0x20D5      	CALL       _Div_8X8_U
0x01B2	0x0878      	MOVF       R8, 0
0x01B3	0x00F0      	MOVWF      R0
0x01B4	0x0870      	MOVF       R0, 0
0x01B5	0x00B6      	MOVWF      FLOC__automatic_mode
0x01B6	0x0DB6      	RLF        FLOC__automatic_mode, 1
0x01B7	0x1036      	BCF        FLOC__automatic_mode, 0
0x01B8	0x0DB6      	RLF        FLOC__automatic_mode, 1
0x01B9	0x1036      	BCF        FLOC__automatic_mode, 0
0x01BA	0x0DB6      	RLF        FLOC__automatic_mode, 1
0x01BB	0x1036      	BCF        FLOC__automatic_mode, 0
0x01BC	0x0DB6      	RLF        FLOC__automatic_mode, 1
0x01BD	0x1036      	BCF        FLOC__automatic_mode, 0
0x01BE	0x300A      	MOVLW      10
0x01BF	0x00F4      	MOVWF      R4
0x01C0	0x082F      	MOVF       _rr, 0
0x01C1	0x00F0      	MOVWF      R0
0x01C2	0x20D5      	CALL       _Div_8X8_U
0x01C3	0x0878      	MOVF       R8, 0
0x01C4	0x00F0      	MOVWF      R0
0x01C5	0x300F      	MOVLW      15
0x01C6	0x05F0      	ANDWF      R0, 1
0x01C7	0x0870      	MOVF       R0, 0
0x01C8	0x0436      	IORWF      FLOC__automatic_mode, 0
0x01C9	0x0087      	MOVWF      PORTC
;traffic lightss.c,142 :: 		delay_ms(10);
0x01CA	0x301A      	MOVLW      26
0x01CB	0x00FC      	MOVWF      R12
0x01CC	0x30F8      	MOVLW      248
0x01CD	0x00FD      	MOVWF      R13
L_automatic_mode33:
0x01CE	0x0BFD      	DECFSZ     R13, 1
0x01CF	0x29CE      	GOTO       L_automatic_mode33
0x01D0	0x0BFC      	DECFSZ     R12, 1
0x01D1	0x29CE      	GOTO       L_automatic_mode33
0x01D2	0x0000      	NOP
;traffic lightss.c,143 :: 		if(portb.b0 == 0){  portc=0;
0x01D3	0x1806      	BTFSC      PORTB, 0
0x01D4	0x29D8      	GOTO       L_automatic_mode34
0x01D5	0x0187      	CLRF       PORTC
;traffic lightss.c,144 :: 		portd=0;
0x01D6	0x0188      	CLRF       PORTD
;traffic lightss.c,145 :: 		break;}}
0x01D7	0x29DA      	GOTO       L_automatic_mode30
L_automatic_mode34:
;traffic lightss.c,127 :: 		for (delay_count = 0; delay_count <= 50; delay_count++) {
0x01D8	0x0AAE      	INCF       _delay_count, 1
;traffic lightss.c,145 :: 		break;}}
0x01D9	0x297E      	GOTO       L_automatic_mode29
L_automatic_mode30:
;traffic lightss.c,146 :: 		rr--;
0x01DA	0x03AF      	DECF       _rr, 1
;traffic lightss.c,147 :: 		if(portb.b0 == 0){  portc=0;
0x01DB	0x1806      	BTFSC      PORTB, 0
0x01DC	0x29E0      	GOTO       L_automatic_mode35
0x01DD	0x0187      	CLRF       PORTC
;traffic lightss.c,148 :: 		portd=0;
0x01DE	0x0188      	CLRF       PORTD
;traffic lightss.c,149 :: 		break;}}
0x01DF	0x29E2      	GOTO       L_automatic_mode26
L_automatic_mode35:
;traffic lightss.c,118 :: 		for (ii = 0; ii < 15; ii++) {
0x01E0	0x0AB0      	INCF       _ii, 1
;traffic lightss.c,149 :: 		break;}}
0x01E1	0x296C      	GOTO       L_automatic_mode25
L_automatic_mode26:
;traffic lightss.c,150 :: 		ledR2 = 0;
0x01E2	0x1188      	BCF        PORTD, 3
;traffic lightss.c,151 :: 		ledY1 = 0;
0x01E3	0x1088      	BCF        PORTD, 1
;traffic lightss.c,152 :: 		rr=0;
0x01E4	0x01AF      	CLRF       _rr
;traffic lightss.c,153 :: 		} }
L_automatic_mode13:
L_end_automatic_mode:
0x01E5	0x0008      	RETURN
; end of _automatic_mode
_manual_mode:
;traffic lightss.c,23 :: 		void manual_mode() {
;traffic lightss.c,24 :: 		while (portb.b0 == 0) {  // Wait until manual mode is deactivated
L_manual_mode0:
0x01E6	0x1283      	BCF        STATUS, 5
0x01E7	0x1303      	BCF        STATUS, 6
0x01E8	0x1806      	BTFSC      PORTB, 0
0x01E9	0x2A56      	GOTO       L_manual_mode1
;traffic lightss.c,25 :: 		portc = 0;
0x01EA	0x0187      	CLRF       PORTC
;traffic lightss.c,26 :: 		portd = led[current_led];
0x01EB	0x0829      	MOVF       _current_led, 0
0x01EC	0x3E2A      	ADDLW      _led
0x01ED	0x0084      	MOVWF      FSR
0x01EE	0x0800      	MOVF       INDF, 0
0x01EF	0x0088      	MOVWF      PORTD
;traffic lightss.c,28 :: 		if (portb.b1 == 0) {  // Cycle through LED patterns on button press
0x01F0	0x1886      	BTFSC      PORTB, 1
0x01F1	0x2A42      	GOTO       L_manual_mode2
;traffic lightss.c,29 :: 		portd = led[++current_led];
0x01F2	0x0AA9      	INCF       _current_led, 1
0x01F3	0x0829      	MOVF       _current_led, 0
0x01F4	0x3E2A      	ADDLW      _led
0x01F5	0x0084      	MOVWF      FSR
0x01F6	0x0800      	MOVF       INDF, 0
0x01F7	0x0088      	MOVWF      PORTD
;traffic lightss.c,30 :: 		for (counter = 0; counter <3; counter++) {
0x01F8	0x01A8      	CLRF       _counter
L_manual_mode3:
0x01F9	0x3003      	MOVLW      3
0x01FA	0x0228      	SUBWF      _counter, 0
0x01FB	0x1803      	BTFSC      STATUS, 0
0x01FC	0x2A41      	GOTO       L_manual_mode4
;traffic lightss.c,31 :: 		for (delay_count = 0; delay_count <= 50; delay_count++) {
0x01FD	0x01AE      	CLRF       _delay_count
L_manual_mode6:
0x01FE	0x082E      	MOVF       _delay_count, 0
0x01FF	0x3C32      	SUBLW      50
0x0200	0x1C03      	BTFSS      STATUS, 0
0x0201	0x2A3F      	GOTO       L_manual_mode7
;traffic lightss.c,32 :: 		portb.b2 = 0;
0x0202	0x1106      	BCF        PORTB, 2
;traffic lightss.c,33 :: 		portb.b3 = 1;
0x0203	0x1586      	BSF        PORTB, 3
;traffic lightss.c,34 :: 		portb.b4 = 0;
0x0204	0x1206      	BCF        PORTB, 4
;traffic lightss.c,35 :: 		portb.b5 = 1;
0x0205	0x1686      	BSF        PORTB, 5
;traffic lightss.c,37 :: 		portc = 0;
0x0206	0x0187      	CLRF       PORTC
;traffic lightss.c,38 :: 		delay_ms(5);
0x0207	0x300D      	MOVLW      13
0x0208	0x00FC      	MOVWF      R12
0x0209	0x30FB      	MOVLW      251
0x020A	0x00FD      	MOVWF      R13
L_manual_mode9:
0x020B	0x0BFD      	DECFSZ     R13, 1
0x020C	0x2A0B      	GOTO       L_manual_mode9
0x020D	0x0BFC      	DECFSZ     R12, 1
0x020E	0x2A0B      	GOTO       L_manual_mode9
0x020F	0x0000      	NOP
0x0210	0x0000      	NOP
;traffic lightss.c,40 :: 		portb.b2 = 1;
0x0211	0x1506      	BSF        PORTB, 2
;traffic lightss.c,41 :: 		portb.b3 = 0;
0x0212	0x1186      	BCF        PORTB, 3
;traffic lightss.c,42 :: 		portb.b4 = 1;
0x0213	0x1606      	BSF        PORTB, 4
;traffic lightss.c,43 :: 		portb.b5 = 0;
0x0214	0x1286      	BCF        PORTB, 5
;traffic lightss.c,44 :: 		portc = (((3 - counter) % 10) << 4) | (((3 - counter) % 10) & 0x0F);
0x0215	0x0828      	MOVF       _counter, 0
0x0216	0x3C03      	SUBLW      3
0x0217	0x00F0      	MOVWF      R0
0x0218	0x01F1      	CLRF       R0+1
0x0219	0x1C03      	BTFSS      STATUS, 0
0x021A	0x03F1      	DECF       R0+1, 1
0x021B	0x300A      	MOVLW      10
0x021C	0x00F4      	MOVWF      R4
0x021D	0x3000      	MOVLW      0
0x021E	0x00F5      	MOVWF      R4+1
0x021F	0x206C      	CALL       _Div_16x16_S
0x0220	0x0878      	MOVF       R8, 0
0x0221	0x00F0      	MOVWF      R0
0x0222	0x0879      	MOVF       R8+1, 0
0x0223	0x00F1      	MOVWF      R0+1
0x0224	0x3004      	MOVLW      4
0x0225	0x00F3      	MOVWF      R3
0x0226	0x0870      	MOVF       R0, 0
0x0227	0x00F2      	MOVWF      R2
0x0228	0x0873      	MOVF       R3, 0
L__manual_mode39:
0x0229	0x1903      	BTFSC      STATUS, 2
0x022A	0x2A2F      	GOTO       L__manual_mode40
0x022B	0x0DF2      	RLF        R2, 1
0x022C	0x1072      	BCF        R2, 0
0x022D	0x3EFF      	ADDLW      255
0x022E	0x2A29      	GOTO       L__manual_mode39
L__manual_mode40:
0x022F	0x300F      	MOVLW      15
0x0230	0x05F0      	ANDWF      R0, 1
0x0231	0x0870      	MOVF       R0, 0
0x0232	0x0472      	IORWF      R2, 0
0x0233	0x0087      	MOVWF      PORTC
;traffic lightss.c,45 :: 		delay_ms(10);
0x0234	0x301A      	MOVLW      26
0x0235	0x00FC      	MOVWF      R12
0x0236	0x30F8      	MOVLW      248
0x0237	0x00FD      	MOVWF      R13
L_manual_mode10:
0x0238	0x0BFD      	DECFSZ     R13, 1
0x0239	0x2A38      	GOTO       L_manual_mode10
0x023A	0x0BFC      	DECFSZ     R12, 1
0x023B	0x2A38      	GOTO       L_manual_mode10
0x023C	0x0000      	NOP
;traffic lightss.c,31 :: 		for (delay_count = 0; delay_count <= 50; delay_count++) {
0x023D	0x0AAE      	INCF       _delay_count, 1
;traffic lightss.c,46 :: 		}
0x023E	0x29FE      	GOTO       L_manual_mode6
L_manual_mode7:
;traffic lightss.c,30 :: 		for (counter = 0; counter <3; counter++) {
0x023F	0x0AA8      	INCF       _counter, 1
;traffic lightss.c,47 :: 		}
0x0240	0x29F9      	GOTO       L_manual_mode3
L_manual_mode4:
;traffic lightss.c,48 :: 		current_led ++;
0x0241	0x0AA9      	INCF       _current_led, 1
;traffic lightss.c,49 :: 		}
L_manual_mode2:
;traffic lightss.c,51 :: 		if (current_led == COUNTLED | portb.b0 == 1) {
0x0242	0x0829      	MOVF       _current_led, 0
0x0243	0x3A04      	XORLW      4
0x0244	0x3001      	MOVLW      1
0x0245	0x1D03      	BTFSS      STATUS, 2
0x0246	0x3000      	MOVLW      0
0x0247	0x00F1      	MOVWF      R1
0x0248	0x1806      	BTFSC      PORTB, 0
0x0249	0x2A4C      	GOTO       L__manual_mode41
0x024A	0x1003      	BCF        STATUS, 0
0x024B	0x2A4D      	GOTO       L__manual_mode42
L__manual_mode41:
0x024C	0x1403      	BSF        STATUS, 0
L__manual_mode42:
0x024D	0x01F0      	CLRF       R0
0x024E	0x1803      	BTFSC      STATUS, 0
0x024F	0x0AF0      	INCF       R0, 1
0x0250	0x0871      	MOVF       R1, 0
0x0251	0x04F0      	IORWF      R0, 1
0x0252	0x1903      	BTFSC      STATUS, 2
0x0253	0x2A55      	GOTO       L_manual_mode11
;traffic lightss.c,52 :: 		current_led = 0;  // Reset LED index
0x0254	0x01A9      	CLRF       _current_led
;traffic lightss.c,53 :: 		}
L_manual_mode11:
;traffic lightss.c,54 :: 		}
0x0255	0x29E6      	GOTO       L_manual_mode0
L_manual_mode1:
;traffic lightss.c,55 :: 		}
L_end_manual_mode:
0x0256	0x0008      	RETURN
; end of _manual_mode
___CC2DW:
;__Lib_System.c,134 :: 		
;__Lib_System.c,137 :: 		
_CC2D_Loop1:
;__Lib_System.c,139 :: 		
0x0257	0x2065      	CALL       _____DoICP
0x0258	0x118A      	BCF        PCLATH, 3
0x0259	0x120A      	BCF        PCLATH, 4
;__Lib_System.c,141 :: 		
0x025A	0x0080      	MOVWF      INDF
;__Lib_System.c,142 :: 		
0x025B	0x0A84      	INCF       FSR, 1
;__Lib_System.c,143 :: 		
0x025C	0x0AB2      	INCF       ___DoICPAddr, 1
;__Lib_System.c,145 :: 		
0x025D	0x1903      	BTFSC      STATUS, 2
;__Lib_System.c,146 :: 		
0x025E	0x0AB3      	INCF       ___DoICPAddr+1, 1
;__Lib_System.c,147 :: 		
0x025F	0x03F0      	DECF       R0, 1
;__Lib_System.c,149 :: 		
0x0260	0x1D03      	BTFSS      STATUS, 2
;__Lib_System.c,150 :: 		
0x0261	0x2A57      	GOTO       _CC2D_Loop1
;__Lib_System.c,152 :: 		
L_end___CC2DW:
0x0262	0x0008      	RETURN
; end of ___CC2DW
_main:
0x0263	0x1283      	BCF        STATUS, 5
0x0264	0x1303      	BCF        STATUS, 6
0x0265	0x01A7      	CLRF       _temp_portd
0x0266	0x01A8      	CLRF       _counter
0x0267	0x01A9      	CLRF       _current_led
0x0268	0x3021      	MOVLW      33
0x0269	0x00AA      	MOVWF      _led
0x026A	0x3031      	MOVLW      49
0x026B	0x00AB      	MOVWF      43
0x026C	0x300C      	MOVLW      12
0x026D	0x00AC      	MOVWF      44
0x026E	0x300E      	MOVLW      14
0x026F	0x00AD      	MOVWF      45
0x0270	0x01AE      	CLRF       _delay_count
0x0271	0x01AF      	CLRF       _rr
0x0272	0x01B0      	CLRF       _ii
0x0273	0x01B1      	CLRF       _ll
;traffic lightss.c,156 :: 		void main() {
;traffic lightss.c,158 :: 		trisb = 0;
0x0274	0x1683      	BSF        STATUS, 5
0x0275	0x0186      	CLRF       TRISB
;traffic lightss.c,159 :: 		trisb.b0 = 1;  // Set RB0 as input for manual mode trigger
0x0276	0x1406      	BSF        TRISB, 0
;traffic lightss.c,160 :: 		trisb.b1 = 1;  // Set RB1 as input for LED cycling
0x0277	0x1486      	BSF        TRISB, 1
;traffic lightss.c,161 :: 		trisc = 0;
0x0278	0x0187      	CLRF       TRISC
;traffic lightss.c,162 :: 		trisd = 0;
0x0279	0x0188      	CLRF       TRISD
;traffic lightss.c,165 :: 		portb.b2 = 1;
0x027A	0x1283      	BCF        STATUS, 5
0x027B	0x1506      	BSF        PORTB, 2
;traffic lightss.c,166 :: 		portb.b4 = 1;
0x027C	0x1606      	BSF        PORTB, 4
;traffic lightss.c,167 :: 		portc = 0;
0x027D	0x0187      	CLRF       PORTC
;traffic lightss.c,168 :: 		portd = 0;
0x027E	0x0188      	CLRF       PORTD
;traffic lightss.c,171 :: 		gie_bit = 1;
0x027F	0x178B      	BSF        GIE_bit, BitPos(GIE_bit+0)
;traffic lightss.c,172 :: 		inte_bit = 1;
0x0280	0x160B      	BSF        INTE_bit, BitPos(INTE_bit+0)
;traffic lightss.c,173 :: 		intedg_bit = 0;
0x0281	0x1683      	BSF        STATUS, 5
0x0282	0x1301      	BCF        INTEDG_bit, BitPos(INTEDG_bit+0)
;traffic lightss.c,174 :: 		option_reg.b7 = 0;
0x0283	0x1381      	BCF        OPTION_REG, 7
;traffic lightss.c,176 :: 		while (1) {
L_main36:
;traffic lightss.c,177 :: 		automatic_mode();  // Default to automatic mode
0x0284	0x20E6      	CALL       _automatic_mode
;traffic lightss.c,178 :: 		}
0x0285	0x2A84      	GOTO       L_main36
;traffic lightss.c,179 :: 		}
L_end_main:
0x0286	0x2A86      	GOTO       $+0
; end of _main
Symbol List:
//** Routines locations **
//ADDRESS    SIZE    PROCEDURE
//----------------------------------------------
0x0004      [53]    _interrupt
0x0039      [44]    _Div_16x16_S_L
0x0065       [7]    _____DoICP
0x006C     [105]    _Div_16x16_S
0x00D5      [17]    _Div_8X8_U
0x00E6     [256]    _automatic_mode
0x01E6     [113]    _manual_mode
0x0257      [12]    ___CC2DW
0x0263      [36]    _main
//** Variables locations ** 
//ADDRESS    SIZE    VARIABLE
//----------------------------------------------
0x0000       [1]    INDF
0x0002       [1]    PCL
0x0003       [1]    STATUS
0x0004       [1]    FSR
0x0006       [1]    PORTB
0x0007       [1]    PORTC
0x0008       [1]    PORTD
0x000A       [1]    PCLATH
0x000B       [0]    GIE_bit
0x000B       [0]    INTE_bit
0x000B       [0]    INTF_bit
0x0027       [1]    _temp_portd
0x0028       [1]    _counter
0x0029       [1]    _current_led
0x002A       [4]    _led
0x002E       [1]    _delay_count
0x002F       [1]    _rr
0x0030       [1]    _ii
0x0031       [1]    _ll
0x0032       [2]    ___DoICPAddr
0x0034       [1]    ___saveSTATUS
0x0035       [1]    ___savePCLATH
0x0036       [1]    FLOC__automatic_mode
0x0070       [1]    R0
0x0071       [1]    R1
0x0072       [1]    R2
0x0073       [1]    R3
0x0074       [1]    R4
0x0075       [1]    R5
0x0076       [1]    R6
0x0077       [1]    R7
0x0078       [1]    R8
0x0079       [1]    R9
0x007A       [1]    R10
0x007B       [1]    R11
0x007C       [1]    R12
0x007D       [1]    R13
0x007E       [1]    R14
0x007F       [1]    R15
0x0081       [0]    INTEDG_bit
0x0081       [1]    OPTION_REG
0x0086       [1]    TRISB
0x0087       [1]    TRISC
0x0088       [1]    TRISD
